<?xml version="1.0" encoding="UTF-8"?>
<!-- Generated by org.testng.reporters.JUnitXMLReporter -->
<testsuite ignored="0" hostname="DESKTOP-ETVCR14" failures="2" tests="49" name="Test Execution" time="113.794" errors="0" timestamp="2026-05-26T15:25:14 ICT">
  <testcase classname="runner.TestRunner" name="runLoginTestCase" time="0.117">
    <skipped/>
  </testcase> <!-- runLoginTestCase -->
  <testcase classname="runner.TestRunner" name="runLoginTestCase" time="0.052">
    <skipped/>
  </testcase> <!-- runLoginTestCase -->
  <testcase classname="runner.TestRunner" name="runLoginTestCase" time="0.055">
    <skipped/>
  </testcase> <!-- runLoginTestCase -->
  <testcase classname="runner.TestRunner" name="runLoginTestCase" time="0.044">
    <skipped/>
  </testcase> <!-- runLoginTestCase -->
  <testcase classname="runner.TestRunner" name="runLoginTestCase" time="0.047">
    <skipped/>
  </testcase> <!-- runLoginTestCase -->
  <testcase classname="runner.TestRunner" name="runLoginTestCase" time="0.042">
    <skipped/>
  </testcase> <!-- runLoginTestCase -->
  <testcase classname="runner.TestRunner" name="runLoginTestCase" time="0.047">
    <skipped/>
  </testcase> <!-- runLoginTestCase -->
  <testcase classname="runner.TestRunner" name="runLoginTestCase" time="43.453">
    <failure type="org.openqa.selenium.NoSuchSessionException" message="invalid session id: session deleted as the browser has closed the connection
from disconnected: not connected to DevTools
  (Session info: chrome=148.0.7778.179)
Build info: version: &amp;apos;4.21.0&amp;apos;, revision: &amp;apos;79ed462ef4&amp;apos;
System info: os.name: &amp;apos;Windows 11&amp;apos;, os.arch: &amp;apos;amd64&amp;apos;, os.version: &amp;apos;10.0&amp;apos;, java.version: &amp;apos;17.0.19&amp;apos;
Driver info: org.openqa.selenium.chrome.ChromeDriver
Command: [54f2b9c940113618911126413ca5bab0, getWindowHandles {}]
Capabilities {acceptInsecureCerts: false, browserName: chrome, browserVersion: 148.0.7778.179, chrome: {chromedriverVersion: 148.0.7778.178 (d096af1c9e9..., userDataDir: C:\Users\PC\AppData\Local\T...}, fedcm:accounts: true, goog:chromeOptions: {debuggerAddress: localhost:60855}, goog:processID: 20464, networkConnectionEnabled: false, pageLoadStrategy: normal, platformName: windows, proxy: Proxy(), se:cdp: ws://localhost:60855/devtoo..., se:cdpVersion: 148.0.7778.179, setWindowRect: true, strictFileInteractability: false, timeouts: {implicit: 0, pageLoad: 300000, script: 30000}, unhandledPromptBehavior: dismiss and notify, webauthn:extension:credBlob: true, webauthn:extension:largeBlob: true, webauthn:extension:minPinLength: true, webauthn:extension:prf: true, webauthn:virtualAuthenticators: true}
Session ID: 54f2b9c940113618911126413ca5bab0">
      <![CDATA[org.openqa.selenium.NoSuchSessionException: invalid session id: session deleted as the browser has closed the connection
from disconnected: not connected to DevTools
  (Session info: chrome=148.0.7778.179)
Build info: version: '4.21.0', revision: '79ed462ef4'
System info: os.name: 'Windows 11', os.arch: 'amd64', os.version: '10.0', java.version: '17.0.19'
Driver info: org.openqa.selenium.chrome.ChromeDriver
Command: [54f2b9c940113618911126413ca5bab0, getWindowHandles {}]
Capabilities {acceptInsecureCerts: false, browserName: chrome, browserVersion: 148.0.7778.179, chrome: {chromedriverVersion: 148.0.7778.178 (d096af1c9e9..., userDataDir: C:\Users\PC\AppData\Local\T...}, fedcm:accounts: true, goog:chromeOptions: {debuggerAddress: localhost:60855}, goog:processID: 20464, networkConnectionEnabled: false, pageLoadStrategy: normal, platformName: windows, proxy: Proxy(), se:cdp: ws://localhost:60855/devtoo..., se:cdpVersion: 148.0.7778.179, setWindowRect: true, strictFileInteractability: false, timeouts: {implicit: 0, pageLoad: 300000, script: 30000}, unhandledPromptBehavior: dismiss and notify, webauthn:extension:credBlob: true, webauthn:extension:largeBlob: true, webauthn:extension:minPinLength: true, webauthn:extension:prf: true, webauthn:virtualAuthenticators: true}
Session ID: 54f2b9c940113618911126413ca5bab0
at org.openqa.selenium.remote.ErrorCodec.decode(ErrorCodec.java:167)
at org.openqa.selenium.remote.codec.w3c.W3CHttpResponseCodec.decode(W3CHttpResponseCodec.java:138)
at org.openqa.selenium.remote.codec.w3c.W3CHttpResponseCodec.decode(W3CHttpResponseCodec.java:50)
at org.openqa.selenium.remote.HttpCommandExecutor.execute(HttpCommandExecutor.java:190)
at org.openqa.selenium.remote.service.DriverCommandExecutor.invokeExecute(DriverCommandExecutor.java:216)
at org.openqa.selenium.remote.service.DriverCommandExecutor.execute(DriverCommandExecutor.java:174)
at org.openqa.selenium.remote.RemoteWebDriver.execute(RemoteWebDriver.java:518)
at org.openqa.selenium.remote.RemoteWebDriver.execute(RemoteWebDriver.java:591)
at org.openqa.selenium.remote.RemoteWebDriver.execute(RemoteWebDriver.java:595)
at org.openqa.selenium.remote.RemoteWebDriver.getWindowHandles(RemoteWebDriver.java:442)
at core.keywords.Actions.handleStaySignedInPrompt(Actions.java:245)
at core.keywords.Actions.waitForAuthenticationToComplete(Actions.java:405)
at core.keywords.Actions.waitForAuthenticationToCompleteOrFail(Actions.java:393)
at core.keywords.Actions.enterMicrosoftOtp(Actions.java:351)
at core.engine.KeywordEngine.executeSteps(KeywordEngine.java:103)
at runner.TestRunner.runLoginTestCase(TestRunner.java:87)
at java.base/java.util.ArrayList.forEach(ArrayList.java:1511)
... Removed 36 stack frames]]>
    </failure>
  </testcase> <!-- runLoginTestCase -->
  <testcase classname="runner.TestRunner" name="runLoginTestCase" time="0.058">
    <skipped/>
  </testcase> <!-- runLoginTestCase -->
  <testcase classname="runner.TestRunner" name="runLoginTestCase" time="0.048">
    <skipped/>
  </testcase> <!-- runLoginTestCase -->
  <testcase classname="runner.TestRunner" name="runLoginTestCase" time="66.827">
    <failure type="org.openqa.selenium.TimeoutException" message="Expected condition failed: waiting for visibility of element located by By.xpath: //*[@id=&amp;quot;root&amp;quot;]//input (tried for 15 second(s) with 500 milliseconds interval)
Build info: version: &amp;apos;4.21.0&amp;apos;, revision: &amp;apos;79ed462ef4&amp;apos;
System info: os.name: &amp;apos;Windows 11&amp;apos;, os.arch: &amp;apos;amd64&amp;apos;, os.version: &amp;apos;10.0&amp;apos;, java.version: &amp;apos;17.0.19&amp;apos;
Driver info: org.openqa.selenium.chrome.ChromeDriver
Capabilities {acceptInsecureCerts: false, browserName: chrome, browserVersion: 148.0.7778.179, chrome: {chromedriverVersion: 148.0.7778.178 (d096af1c9e9..., userDataDir: C:\Users\PC\AppData\Local\T...}, fedcm:accounts: true, goog:chromeOptions: {debuggerAddress: localhost:55978}, goog:processID: 16648, networkConnectionEnabled: false, pageLoadStrategy: normal, platformName: windows, proxy: Proxy(), se:cdp: ws://localhost:55978/devtoo..., se:cdpVersion: 148.0.7778.179, setWindowRect: true, strictFileInteractability: false, timeouts: {implicit: 0, pageLoad: 300000, script: 30000}, unhandledPromptBehavior: dismiss and notify, webauthn:extension:credBlob: true, webauthn:extension:largeBlob: true, webauthn:extension:minPinLength: true, webauthn:extension:prf: true, webauthn:virtualAuthenticators: true}
Session ID: 2d6d4815c46ff0fa298935bb572edb9c">
      <![CDATA[org.openqa.selenium.TimeoutException: Expected condition failed: waiting for visibility of element located by By.xpath: //*[@id="root"]//input (tried for 15 second(s) with 500 milliseconds interval)
Build info: version: '4.21.0', revision: '79ed462ef4'
System info: os.name: 'Windows 11', os.arch: 'amd64', os.version: '10.0', java.version: '17.0.19'
Driver info: org.openqa.selenium.chrome.ChromeDriver
Capabilities {acceptInsecureCerts: false, browserName: chrome, browserVersion: 148.0.7778.179, chrome: {chromedriverVersion: 148.0.7778.178 (d096af1c9e9..., userDataDir: C:\Users\PC\AppData\Local\T...}, fedcm:accounts: true, goog:chromeOptions: {debuggerAddress: localhost:55978}, goog:processID: 16648, networkConnectionEnabled: false, pageLoadStrategy: normal, platformName: windows, proxy: Proxy(), se:cdp: ws://localhost:55978/devtoo..., se:cdpVersion: 148.0.7778.179, setWindowRect: true, strictFileInteractability: false, timeouts: {implicit: 0, pageLoad: 300000, script: 30000}, unhandledPromptBehavior: dismiss and notify, webauthn:extension:credBlob: true, webauthn:extension:largeBlob: true, webauthn:extension:minPinLength: true, webauthn:extension:prf: true, webauthn:virtualAuthenticators: true}
Session ID: 2d6d4815c46ff0fa298935bb572edb9c
at org.openqa.selenium.support.ui.WebDriverWait.timeoutException(WebDriverWait.java:84)
at org.openqa.selenium.support.ui.FluentWait.until(FluentWait.java:228)
at core.keywords.Actions.input(Actions.java:57)
at core.engine.KeywordEngine.executeSteps(KeywordEngine.java:73)
at runner.TestRunner.runLoginTestCase(TestRunner.java:87)
at java.base/java.util.ArrayList.forEach(ArrayList.java:1511)
... Removed 31 stack frames]]>
    </failure>
  </testcase> <!-- runLoginTestCase -->
  <testcase classname="runner.TestRunner" name="runLoginTestCase" time="0.032">
    <skipped/>
  </testcase> <!-- runLoginTestCase -->
  <testcase classname="runner.TestRunner" name="runLoginTestCase" time="0.033">
    <skipped/>
  </testcase> <!-- runLoginTestCase -->
  <testcase classname="runner.TestRunner" name="runLoginTestCase" time="0.042">
    <skipped/>
  </testcase> <!-- runLoginTestCase -->
  <testcase classname="runner.TestRunner" name="runLoginTestCase" time="0.042">
    <skipped/>
  </testcase> <!-- runLoginTestCase -->
  <testcase classname="runner.TestRunner" name="runLoginTestCase" time="0.034">
    <skipped/>
  </testcase> <!-- runLoginTestCase -->
  <testcase classname="runner.TestRunner" name="runLoginTestCase" time="0.026">
    <skipped/>
  </testcase> <!-- runLoginTestCase -->
  <testcase classname="runner.TestRunner" name="runLoginTestCase" time="0.026">
    <skipped/>
  </testcase> <!-- runLoginTestCase -->
  <testcase classname="runner.TestRunner" name="runLoginTestCase" time="0.041">
    <skipped/>
  </testcase> <!-- runLoginTestCase -->
  <testcase classname="runner.TestRunner" name="runLoginTestCase" time="0.036">
    <skipped/>
  </testcase> <!-- runLoginTestCase -->
  <testcase classname="runner.TestRunner" name="runLoginTestCase" time="0.038">
    <skipped/>
  </testcase> <!-- runLoginTestCase -->
  <testcase classname="runner.TestRunner" name="runLoginTestCase" time="0.019">
    <skipped/>
  </testcase> <!-- runLoginTestCase -->
  <testcase classname="runner.TestRunner" name="runLoginTestCase" time="0.028">
    <skipped/>
  </testcase> <!-- runLoginTestCase -->
  <testcase classname="runner.TestRunner" name="runLoginTestCase" time="0.046">
    <skipped/>
  </testcase> <!-- runLoginTestCase -->
  <testcase classname="runner.TestRunner" name="runLoginTestCase" time="0.032">
    <skipped/>
  </testcase> <!-- runLoginTestCase -->
  <testcase classname="runner.TestRunner" name="runLoginTestCase" time="0.035">
    <skipped/>
  </testcase> <!-- runLoginTestCase -->
  <testcase classname="runner.TestRunner" name="runLoginTestCase" time="0.037">
    <skipped/>
  </testcase> <!-- runLoginTestCase -->
  <testcase classname="runner.TestRunner" name="runLoginTestCase" time="0.033">
    <skipped/>
  </testcase> <!-- runLoginTestCase -->
  <testcase classname="runner.TestRunner" name="runLoginTestCase" time="0.041">
    <skipped/>
  </testcase> <!-- runLoginTestCase -->
  <testcase classname="runner.TestRunner" name="runLoginTestCase" time="0.036">
    <skipped/>
  </testcase> <!-- runLoginTestCase -->
  <testcase classname="runner.TestRunner" name="runLoginTestCase" time="0.036">
    <skipped/>
  </testcase> <!-- runLoginTestCase -->
  <testcase classname="runner.TestRunner" name="runLoginTestCase" time="0.031">
    <skipped/>
  </testcase> <!-- runLoginTestCase -->
  <testcase classname="runner.TestRunner" name="runLoginTestCase" time="0.033">
    <skipped/>
  </testcase> <!-- runLoginTestCase -->
  <testcase classname="runner.TestRunner" name="runLoginTestCase" time="0.032">
    <skipped/>
  </testcase> <!-- runLoginTestCase -->
  <testcase classname="runner.TestRunner" name="runLoginTestCase" time="0.032">
    <skipped/>
  </testcase> <!-- runLoginTestCase -->
  <testcase classname="runner.TestRunner" name="runLoginTestCase" time="0.028">
    <skipped/>
  </testcase> <!-- runLoginTestCase -->
  <testcase classname="runner.TestRunner" name="runLoginTestCase" time="0.027">
    <skipped/>
  </testcase> <!-- runLoginTestCase -->
  <testcase classname="runner.TestRunner" name="runLoginTestCase" time="0.036">
    <skipped/>
  </testcase> <!-- runLoginTestCase -->
  <testcase classname="runner.TestRunner" name="runLoginTestCase" time="0.041">
    <skipped/>
  </testcase> <!-- runLoginTestCase -->
  <testcase classname="runner.TestRunner" name="runLoginTestCase" time="0.034">
    <skipped/>
  </testcase> <!-- runLoginTestCase -->
  <testcase classname="runner.TestRunner" name="runLoginTestCase" time="0.028">
    <skipped/>
  </testcase> <!-- runLoginTestCase -->
  <testcase classname="runner.TestRunner" name="runLoginTestCase" time="0.034">
    <skipped/>
  </testcase> <!-- runLoginTestCase -->
  <testcase classname="runner.TestRunner" name="runLoginTestCase" time="0.029">
    <skipped/>
  </testcase> <!-- runLoginTestCase -->
  <testcase classname="runner.TestRunner" name="runLoginTestCase" time="0.024">
    <skipped/>
  </testcase> <!-- runLoginTestCase -->
  <testcase classname="runner.TestRunner" name="runLoginTestCase" time="0.026">
    <skipped/>
  </testcase> <!-- runLoginTestCase -->
  <testcase classname="runner.TestRunner" name="runLoginTestCase" time="0.027">
    <skipped/>
  </testcase> <!-- runLoginTestCase -->
  <testcase classname="runner.TestRunner" name="runLoginTestCase" time="0.028">
    <skipped/>
  </testcase> <!-- runLoginTestCase -->
  <testcase classname="runner.TestRunner" name="runLoginTestCase" time="0.022">
    <skipped/>
  </testcase> <!-- runLoginTestCase -->
  <testcase classname="runner.TestRunner" name="runLoginTestCase" time="0.023">
    <skipped/>
  </testcase> <!-- runLoginTestCase -->
</testsuite> <!-- Test Execution -->
