<?xml version="1.0" encoding="UTF-8"?>
<!-- Generated by org.testng.reporters.JUnitXMLReporter -->
<testsuite ignored="0" hostname="DESKTOP-ETVCR14" failures="2" tests="49" name="Test Execution" time="136.442" errors="0" timestamp="2026-05-26T15:15:47 ICT">
  <testcase classname="runner.TestRunner" name="runLoginTestCase" time="0.104">
    <skipped/>
  </testcase> <!-- runLoginTestCase -->
  <testcase classname="runner.TestRunner" name="runLoginTestCase" time="0.052">
    <skipped/>
  </testcase> <!-- runLoginTestCase -->
  <testcase classname="runner.TestRunner" name="runLoginTestCase" time="0.051">
    <skipped/>
  </testcase> <!-- runLoginTestCase -->
  <testcase classname="runner.TestRunner" name="runLoginTestCase" time="0.055">
    <skipped/>
  </testcase> <!-- runLoginTestCase -->
  <testcase classname="runner.TestRunner" name="runLoginTestCase" time="0.052">
    <skipped/>
  </testcase> <!-- runLoginTestCase -->
  <testcase classname="runner.TestRunner" name="runLoginTestCase" time="0.045">
    <skipped/>
  </testcase> <!-- runLoginTestCase -->
  <testcase classname="runner.TestRunner" name="runLoginTestCase" time="0.046">
    <skipped/>
  </testcase> <!-- runLoginTestCase -->
  <testcase classname="runner.TestRunner" name="runLoginTestCase" time="49.838">
    <failure type="org.openqa.selenium.NoSuchSessionException" message="invalid session id: session deleted as the browser has closed the connection
from disconnected: not connected to DevTools
  (Session info: chrome=148.0.7778.179)
Build info: version: &amp;apos;4.21.0&amp;apos;, revision: &amp;apos;79ed462ef4&amp;apos;
System info: os.name: &amp;apos;Windows 11&amp;apos;, os.arch: &amp;apos;amd64&amp;apos;, os.version: &amp;apos;10.0&amp;apos;, java.version: &amp;apos;17.0.19&amp;apos;
Driver info: org.openqa.selenium.chrome.ChromeDriver
Command: [e23d9bf654d1d9a8897a3148c055ee1b, getWindowHandles {}]
Capabilities {acceptInsecureCerts: false, browserName: chrome, browserVersion: 148.0.7778.179, chrome: {chromedriverVersion: 148.0.7778.178 (d096af1c9e9..., userDataDir: C:\Users\PC\AppData\Local\T...}, fedcm:accounts: true, goog:chromeOptions: {debuggerAddress: localhost:65359}, goog:processID: 13140, networkConnectionEnabled: false, pageLoadStrategy: normal, platformName: windows, proxy: Proxy(), se:cdp: ws://localhost:65359/devtoo..., se:cdpVersion: 148.0.7778.179, setWindowRect: true, strictFileInteractability: false, timeouts: {implicit: 0, pageLoad: 300000, script: 30000}, unhandledPromptBehavior: dismiss and notify, webauthn:extension:credBlob: true, webauthn:extension:largeBlob: true, webauthn:extension:minPinLength: true, webauthn:extension:prf: true, webauthn:virtualAuthenticators: true}
Session ID: e23d9bf654d1d9a8897a3148c055ee1b">
      <![CDATA[org.openqa.selenium.NoSuchSessionException: invalid session id: session deleted as the browser has closed the connection
from disconnected: not connected to DevTools
  (Session info: chrome=148.0.7778.179)
Build info: version: '4.21.0', revision: '79ed462ef4'
System info: os.name: 'Windows 11', os.arch: 'amd64', os.version: '10.0', java.version: '17.0.19'
Driver info: org.openqa.selenium.chrome.ChromeDriver
Command: [e23d9bf654d1d9a8897a3148c055ee1b, getWindowHandles {}]
Capabilities {acceptInsecureCerts: false, browserName: chrome, browserVersion: 148.0.7778.179, chrome: {chromedriverVersion: 148.0.7778.178 (d096af1c9e9..., userDataDir: C:\Users\PC\AppData\Local\T...}, fedcm:accounts: true, goog:chromeOptions: {debuggerAddress: localhost:65359}, goog:processID: 13140, networkConnectionEnabled: false, pageLoadStrategy: normal, platformName: windows, proxy: Proxy(), se:cdp: ws://localhost:65359/devtoo..., se:cdpVersion: 148.0.7778.179, setWindowRect: true, strictFileInteractability: false, timeouts: {implicit: 0, pageLoad: 300000, script: 30000}, unhandledPromptBehavior: dismiss and notify, webauthn:extension:credBlob: true, webauthn:extension:largeBlob: true, webauthn:extension:minPinLength: true, webauthn:extension:prf: true, webauthn:virtualAuthenticators: true}
Session ID: e23d9bf654d1d9a8897a3148c055ee1b
at org.openqa.selenium.remote.ErrorCodec.decode(ErrorCodec.java:167)
at org.openqa.selenium.remote.codec.w3c.W3CHttpResponseCodec.decode(W3CHttpResponseCodec.java:138)
at org.openqa.selenium.remote.codec.w3c.W3CHttpResponseCodec.decode(W3CHttpResponseCodec.java:50)
at org.openqa.selenium.remote.HttpCommandExecutor.execute(HttpCommandExecutor.java:190)
at org.openqa.selenium.remote.service.DriverCommandExecutor.invokeExecute(DriverCommandExecutor.java:216)
at org.openqa.selenium.remote.service.DriverCommandExecutor.execute(DriverCommandExecutor.java:174)
at org.openqa.selenium.remote.RemoteWebDriver.execute(RemoteWebDriver.java:518)
at org.openqa.selenium.remote.RemoteWebDriver.execute(RemoteWebDriver.java:591)
at org.openqa.selenium.remote.RemoteWebDriver.execute(RemoteWebDriver.java:595)
at org.openqa.selenium.remote.RemoteWebDriver.getWindowHandles(RemoteWebDriver.java:442)
at core.keywords.Actions.handleStaySignedInPrompt(Actions.java:245)
at core.keywords.Actions.waitForAuthenticationToComplete(Actions.java:405)
at core.keywords.Actions.waitForAuthenticationToCompleteOrFail(Actions.java:393)
at core.keywords.Actions.enterMicrosoftOtp(Actions.java:351)
at core.engine.KeywordEngine.executeSteps(KeywordEngine.java:103)
at runner.TestRunner.runLoginTestCase(TestRunner.java:87)
at java.base/java.util.ArrayList.forEach(ArrayList.java:1511)
... Removed 36 stack frames]]>
    </failure>
  </testcase> <!-- runLoginTestCase -->
  <testcase classname="runner.TestRunner" name="runLoginTestCase" time="0.067">
    <skipped/>
  </testcase> <!-- runLoginTestCase -->
  <testcase classname="runner.TestRunner" name="runLoginTestCase" time="0.037">
    <skipped/>
  </testcase> <!-- runLoginTestCase -->
  <testcase classname="runner.TestRunner" name="runLoginTestCase" time="83.933">
    <failure type="org.openqa.selenium.NoSuchSessionException" message="invalid session id: session deleted as the browser has closed the connection
from disconnected: not connected to DevTools
  (Session info: chrome=148.0.7778.179)
Build info: version: &amp;apos;4.21.0&amp;apos;, revision: &amp;apos;79ed462ef4&amp;apos;
System info: os.name: &amp;apos;Windows 11&amp;apos;, os.arch: &amp;apos;amd64&amp;apos;, os.version: &amp;apos;10.0&amp;apos;, java.version: &amp;apos;17.0.19&amp;apos;
Driver info: org.openqa.selenium.chrome.ChromeDriver
Command: [33e66fdd2883e1bca7a19650a23a839a, getWindowHandles {}]
Capabilities {acceptInsecureCerts: false, browserName: chrome, browserVersion: 148.0.7778.179, chrome: {chromedriverVersion: 148.0.7778.178 (d096af1c9e9..., userDataDir: C:\Users\PC\AppData\Local\T...}, fedcm:accounts: true, goog:chromeOptions: {debuggerAddress: localhost:61837}, goog:processID: 1864, networkConnectionEnabled: false, pageLoadStrategy: normal, platformName: windows, proxy: Proxy(), se:cdp: ws://localhost:61837/devtoo..., se:cdpVersion: 148.0.7778.179, setWindowRect: true, strictFileInteractability: false, timeouts: {implicit: 0, pageLoad: 300000, script: 30000}, unhandledPromptBehavior: dismiss and notify, webauthn:extension:credBlob: true, webauthn:extension:largeBlob: true, webauthn:extension:minPinLength: true, webauthn:extension:prf: true, webauthn:virtualAuthenticators: true}
Session ID: 33e66fdd2883e1bca7a19650a23a839a">
      <![CDATA[org.openqa.selenium.NoSuchSessionException: invalid session id: session deleted as the browser has closed the connection
from disconnected: not connected to DevTools
  (Session info: chrome=148.0.7778.179)
Build info: version: '4.21.0', revision: '79ed462ef4'
System info: os.name: 'Windows 11', os.arch: 'amd64', os.version: '10.0', java.version: '17.0.19'
Driver info: org.openqa.selenium.chrome.ChromeDriver
Command: [33e66fdd2883e1bca7a19650a23a839a, getWindowHandles {}]
Capabilities {acceptInsecureCerts: false, browserName: chrome, browserVersion: 148.0.7778.179, chrome: {chromedriverVersion: 148.0.7778.178 (d096af1c9e9..., userDataDir: C:\Users\PC\AppData\Local\T...}, fedcm:accounts: true, goog:chromeOptions: {debuggerAddress: localhost:61837}, goog:processID: 1864, networkConnectionEnabled: false, pageLoadStrategy: normal, platformName: windows, proxy: Proxy(), se:cdp: ws://localhost:61837/devtoo..., se:cdpVersion: 148.0.7778.179, setWindowRect: true, strictFileInteractability: false, timeouts: {implicit: 0, pageLoad: 300000, script: 30000}, unhandledPromptBehavior: dismiss and notify, webauthn:extension:credBlob: true, webauthn:extension:largeBlob: true, webauthn:extension:minPinLength: true, webauthn:extension:prf: true, webauthn:virtualAuthenticators: true}
Session ID: 33e66fdd2883e1bca7a19650a23a839a
at org.openqa.selenium.remote.ErrorCodec.decode(ErrorCodec.java:167)
at org.openqa.selenium.remote.codec.w3c.W3CHttpResponseCodec.decode(W3CHttpResponseCodec.java:138)
at org.openqa.selenium.remote.codec.w3c.W3CHttpResponseCodec.decode(W3CHttpResponseCodec.java:50)
at org.openqa.selenium.remote.HttpCommandExecutor.execute(HttpCommandExecutor.java:190)
at org.openqa.selenium.remote.service.DriverCommandExecutor.invokeExecute(DriverCommandExecutor.java:216)
at org.openqa.selenium.remote.service.DriverCommandExecutor.execute(DriverCommandExecutor.java:174)
at org.openqa.selenium.remote.RemoteWebDriver.execute(RemoteWebDriver.java:518)
at org.openqa.selenium.remote.RemoteWebDriver.execute(RemoteWebDriver.java:591)
at org.openqa.selenium.remote.RemoteWebDriver.execute(RemoteWebDriver.java:595)
at org.openqa.selenium.remote.RemoteWebDriver.getWindowHandles(RemoteWebDriver.java:442)
at core.keywords.Actions.handleStaySignedInPrompt(Actions.java:245)
at core.keywords.Actions.waitForAuthenticationToComplete(Actions.java:405)
at core.keywords.Actions.waitForAuthenticationToCompleteOrFail(Actions.java:393)
at core.keywords.Actions.enterMicrosoftOtp(Actions.java:351)
at core.engine.KeywordEngine.executeSteps(KeywordEngine.java:103)
at runner.TestRunner.runLoginTestCase(TestRunner.java:87)
at java.base/java.util.ArrayList.forEach(ArrayList.java:1511)
... Removed 36 stack frames]]>
    </failure>
  </testcase> <!-- runLoginTestCase -->
  <testcase classname="runner.TestRunner" name="runLoginTestCase" time="0.045">
    <skipped/>
  </testcase> <!-- runLoginTestCase -->
  <testcase classname="runner.TestRunner" name="runLoginTestCase" time="0.038">
    <skipped/>
  </testcase> <!-- runLoginTestCase -->
  <testcase classname="runner.TestRunner" name="runLoginTestCase" time="0.036">
    <skipped/>
  </testcase> <!-- runLoginTestCase -->
  <testcase classname="runner.TestRunner" name="runLoginTestCase" time="0.044">
    <skipped/>
  </testcase> <!-- runLoginTestCase -->
  <testcase classname="runner.TestRunner" name="runLoginTestCase" time="0.027">
    <skipped/>
  </testcase> <!-- runLoginTestCase -->
  <testcase classname="runner.TestRunner" name="runLoginTestCase" time="0.031">
    <skipped/>
  </testcase> <!-- runLoginTestCase -->
  <testcase classname="runner.TestRunner" name="runLoginTestCase" time="0.027">
    <skipped/>
  </testcase> <!-- runLoginTestCase -->
  <testcase classname="runner.TestRunner" name="runLoginTestCase" time="0.023">
    <skipped/>
  </testcase> <!-- runLoginTestCase -->
  <testcase classname="runner.TestRunner" name="runLoginTestCase" time="0.029">
    <skipped/>
  </testcase> <!-- runLoginTestCase -->
  <testcase classname="runner.TestRunner" name="runLoginTestCase" time="0.026">
    <skipped/>
  </testcase> <!-- runLoginTestCase -->
  <testcase classname="runner.TestRunner" name="runLoginTestCase" time="0.026">
    <skipped/>
  </testcase> <!-- runLoginTestCase -->
  <testcase classname="runner.TestRunner" name="runLoginTestCase" time="0.026">
    <skipped/>
  </testcase> <!-- runLoginTestCase -->
  <testcase classname="runner.TestRunner" name="runLoginTestCase" time="0.028">
    <skipped/>
  </testcase> <!-- runLoginTestCase -->
  <testcase classname="runner.TestRunner" name="runLoginTestCase" time="0.029">
    <skipped/>
  </testcase> <!-- runLoginTestCase -->
  <testcase classname="runner.TestRunner" name="runLoginTestCase" time="0.027">
    <skipped/>
  </testcase> <!-- runLoginTestCase -->
  <testcase classname="runner.TestRunner" name="runLoginTestCase" time="0.027">
    <skipped/>
  </testcase> <!-- runLoginTestCase -->
  <testcase classname="runner.TestRunner" name="runLoginTestCase" time="0.024">
    <skipped/>
  </testcase> <!-- runLoginTestCase -->
  <testcase classname="runner.TestRunner" name="runLoginTestCase" time="0.022">
    <skipped/>
  </testcase> <!-- runLoginTestCase -->
  <testcase classname="runner.TestRunner" name="runLoginTestCase" time="0.026">
    <skipped/>
  </testcase> <!-- runLoginTestCase -->
  <testcase classname="runner.TestRunner" name="runLoginTestCase" time="0.027">
    <skipped/>
  </testcase> <!-- runLoginTestCase -->
  <testcase classname="runner.TestRunner" name="runLoginTestCase" time="0.025">
    <skipped/>
  </testcase> <!-- runLoginTestCase -->
  <testcase classname="runner.TestRunner" name="runLoginTestCase" time="0.023">
    <skipped/>
  </testcase> <!-- runLoginTestCase -->
  <testcase classname="runner.TestRunner" name="runLoginTestCase" time="0.023">
    <skipped/>
  </testcase> <!-- runLoginTestCase -->
  <testcase classname="runner.TestRunner" name="runLoginTestCase" time="0.028">
    <skipped/>
  </testcase> <!-- runLoginTestCase -->
  <testcase classname="runner.TestRunner" name="runLoginTestCase" time="0.022">
    <skipped/>
  </testcase> <!-- runLoginTestCase -->
  <testcase classname="runner.TestRunner" name="runLoginTestCase" time="0.021">
    <skipped/>
  </testcase> <!-- runLoginTestCase -->
  <testcase classname="runner.TestRunner" name="runLoginTestCase" time="0.024">
    <skipped/>
  </testcase> <!-- runLoginTestCase -->
  <testcase classname="runner.TestRunner" name="runLoginTestCase" time="0.022">
    <skipped/>
  </testcase> <!-- runLoginTestCase -->
  <testcase classname="runner.TestRunner" name="runLoginTestCase" time="0.023">
    <skipped/>
  </testcase> <!-- runLoginTestCase -->
  <testcase classname="runner.TestRunner" name="runLoginTestCase" time="0.027">
    <skipped/>
  </testcase> <!-- runLoginTestCase -->
  <testcase classname="runner.TestRunner" name="runLoginTestCase" time="0.02">
    <skipped/>
  </testcase> <!-- runLoginTestCase -->
  <testcase classname="runner.TestRunner" name="runLoginTestCase" time="0.026">
    <skipped/>
  </testcase> <!-- runLoginTestCase -->
  <testcase classname="runner.TestRunner" name="runLoginTestCase" time="0.031">
    <skipped/>
  </testcase> <!-- runLoginTestCase -->
  <testcase classname="runner.TestRunner" name="runLoginTestCase" time="0.019">
    <skipped/>
  </testcase> <!-- runLoginTestCase -->
  <testcase classname="runner.TestRunner" name="runLoginTestCase" time="0.021">
    <skipped/>
  </testcase> <!-- runLoginTestCase -->
  <testcase classname="runner.TestRunner" name="runLoginTestCase" time="0.019">
    <skipped/>
  </testcase> <!-- runLoginTestCase -->
  <testcase classname="runner.TestRunner" name="runLoginTestCase" time="0.021">
    <skipped/>
  </testcase> <!-- runLoginTestCase -->
  <testcase classname="runner.TestRunner" name="runLoginTestCase" time="0.02">
    <skipped/>
  </testcase> <!-- runLoginTestCase -->
</testsuite> <!-- Test Execution -->
