<?xml version="1.0" encoding="UTF-8"?>
<testsuite xmlns:xsi="http://www.w3.org/2001/XMLSchema-instance" xsi:noNamespaceSchemaLocation="https://maven.apache.org/surefire/maven-surefire-plugin/xsd/surefire-test-report-3.0.xsd" version="3.0" name="TestSuite" time="137.514" tests="49" errors="0" skipped="47" failures="2">
  <properties>
[...]
</properties>
  <testcase name="runLoginTestCase[Login_TC.xlsx :: PK-001](1)" classname="runner.TestRunner" time="0.0">
    <skipped message="Run is not Y in TestCases sheet"/>
    <system-out><![CDATA[2026-05-26 15:13:31,352 [main] WARN : Ignoring duplicate listener : io.qameta.allure.testng.AllureTestNg
2026-05-26 15:13:31,355 [main] WARN : Ignoring duplicate listener : io.qameta.allure.testng.AllureTestNg
2026-05-26 15:13:31,355 [main] WARN : Ignoring duplicate listener : io.qameta.allure.testng.AllureTestNg

=== RUNNING Login_TC.xlsx :: PK-001 - Đăng nhập tài khoản chưa có Mã Bảo mật - Đăng nhập bằng SSO thành công: User chưa cài đặt key ===
]]></system-out>
  </testcase>
  <testcase name="runLoginTestCase[Login_TC.xlsx :: PK-002](2)" classname="runner.TestRunner" time="0.0">
    <skipped message="Run is not Y in TestCases sheet"/>
    <system-out><![CDATA[
=== RUNNING Login_TC.xlsx :: PK-002 - Đăng nhập tài khoản chưa có Mã Bảo mật - Đăng nhập bằng SSO thành công - Bỏ qua cài đặt key: Login thành công ===
]]></system-out>
  </testcase>
  <testcase name="runLoginTestCase[Login_TC.xlsx :: PK-003](3)" classname="runner.TestRunner" time="0.0">
    <skipped message="Run is not Y in TestCases sheet"/>
    <system-out><![CDATA[
=== RUNNING Login_TC.xlsx :: PK-003 - Đăng nhập tài khoản chưa có Mã Bảo mật - Đăng nhập bằng SSO thành công - Bỏ qua cài đặt key: Kiểm tra tạo nhóm chat Bảo mật ===
]]></system-out>
  </testcase>
  <testcase name="runLoginTestCase[Login_TC.xlsx :: PK-004](4)" classname="runner.TestRunner" time="0.0">
    <skipped message="Run is not Y in TestCases sheet"/>
    <system-out><![CDATA[
=== RUNNING Login_TC.xlsx :: PK-004 - Đăng nhập tài khoản chưa có Mã Bảo mật - Đăng nhập bằng SSO thành công - Bỏ qua cài đặt key: Kiểm tra được thêm vào chat Bảo mật + add key ===
]]></system-out>
  </testcase>
  <testcase name="runLoginTestCase[Login_TC.xlsx :: PK-005](5)" classname="runner.TestRunner" time="0.0">
    <skipped message="Run is not Y in TestCases sheet"/>
    <system-out><![CDATA[
=== RUNNING Login_TC.xlsx :: PK-005 - Đăng nhập tài khoản chưa có Mã Bảo mật - Đăng nhập bằng SSO thành công - Bỏ qua cài đặt key: Nhận tin nhắn từ chat 1-1 ===
]]></system-out>
  </testcase>
  <testcase name="runLoginTestCase[Login_TC.xlsx :: PK-006](6)" classname="runner.TestRunner" time="0.0">
    <skipped message="Run is not Y in TestCases sheet"/>
    <system-out><![CDATA[
=== RUNNING Login_TC.xlsx :: PK-006 - Đăng nhập tài khoản chưa có Mã Bảo mật - Đăng nhập bằng SSO thành công - Bỏ qua cài đặt key: Kiểm tra được thêm vào chat Bảo mật + add key ===
]]></system-out>
  </testcase>
  <testcase name="runLoginTestCase[Login_TC.xlsx :: PK-007](7)" classname="runner.TestRunner" time="0.0">
    <skipped message="Run is not Y in TestCases sheet"/>
    <system-out><![CDATA[
=== RUNNING Login_TC.xlsx :: PK-007 - Đăng nhập tài khoản chưa có Mã Bảo mật - Đăng nhập bằng SSO thành công - Bỏ qua cài đặt key: Tạo key sau khi đã Gửi/Nhận tin nhắn từ nhóm chat không bảo mật, nhóm chat 1-1. ===
]]></system-out>
  </testcase>
  <testcase name="runLoginTestCase[Login_TC.xlsx :: PK-008](8)" classname="runner.TestRunner" time="49.85">
    <failure message="invalid session id: session deleted as the browser has closed the connection&#10;from disconnected: not connected to DevTools&#10;  (Session info: chrome=148.0.7778.179)&#10;Build info: version: &apos;4.21.0&apos;, revision: &apos;79ed462ef4&apos;&#10;System info: os.name: &apos;Windows 11&apos;, os.arch: &apos;amd64&apos;, os.version: &apos;10.0&apos;, java.version: &apos;17.0.19&apos;&#10;Driver info: org.openqa.selenium.chrome.ChromeDriver&#10;Command: [e23d9bf654d1d9a8897a3148c055ee1b, getWindowHandles {}]&#10;Capabilities {acceptInsecureCerts: false, browserName: chrome, browserVersion: 148.0.7778.179, chrome: {chromedriverVersion: 148.0.7778.178 (d096af1c9e9..., userDataDir: C:\Users\PC\AppData\Local\T...}, fedcm:accounts: true, goog:chromeOptions: {debuggerAddress: localhost:65359}, goog:processID: 13140, networkConnectionEnabled: false, pageLoadStrategy: normal, platformName: windows, proxy: Proxy(), se:cdp: ws://localhost:65359/devtoo..., se:cdpVersion: 148.0.7778.179, setWindowRect: true, strictFileInteractability: false, timeouts: {implicit: 0, pageLoad: 300000, script: 30000}, unhandledPromptBehavior: dismiss and notify, webauthn:extension:credBlob: true, webauthn:extension:largeBlob: true, webauthn:extension:minPinLength: true, webauthn:extension:prf: true, webauthn:virtualAuthenticators: true}&#10;Session ID: e23d9bf654d1d9a8897a3148c055ee1b" type="org.openqa.selenium.NoSuchSessionException"><![CDATA[org.openqa.selenium.NoSuchSessionException: 
invalid session id: session deleted as the browser has closed the connection
from disconnected: not connected to DevTools
  (Session info: chrome=148.0.7778.179)
Build info: version: '4.21.0', revision: '79ed462ef4'
System info: os.name: 'Windows 11', os.arch: 'amd64', os.version: '10.0', java.version: '17.0.19'
Driver info: org.openqa.selenium.chrome.ChromeDriver
Command: [e23d9bf654d1d9a8897a3148c055ee1b, getWindowHandles {}]
Capabilities {acceptInsecureCerts: false, browserName: chrome, browserVersion: 148.0.7778.179, chrome: {chromedriverVersion: 148.0.7778.178 (d096af1c9e9..., userDataDir: C:\Users\PC\AppData\Local\T...}, fedcm:accounts: true, goog:chromeOptions: {debuggerAddress: localhost:65359}, goog:processID: 13140, networkConnectionEnabled: false, pageLoadStrategy: normal, platformName: windows, proxy: Proxy(), se:cdp: ws://localhost:65359/devtoo..., se:cdpVersion: 148.0.7778.179, setWindowRect: true, strictFileInteractability: false, timeouts: {implicit: 0, pageLoad: 300000, script: 30000}, unhandledPromptBehavior: dismiss and notify, webauthn:extension:credBlob: true, webauthn:extension:largeBlob: true, webauthn:extension:minPinLength: true, webauthn:extension:prf: true, webauthn:virtualAuthenticators: true}
Session ID: e23d9bf654d1d9a8897a3148c055ee1b
	at java.base/jdk.internal.reflect.NativeConstructorAccessorImpl.newInstance0(Native Method)
	at java.base/jdk.internal.reflect.NativeConstructorAccessorImpl.newInstance(NativeConstructorAccessorImpl.java:77)
	at java.base/jdk.internal.reflect.DelegatingConstructorAccessorImpl.newInstance(DelegatingConstructorAccessorImpl.java:45)
	at java.base/java.lang.reflect.Constructor.newInstanceWithCaller(Constructor.java:500)
	at java.base/java.lang.reflect.Constructor.newInstance(Constructor.java:481)
	at org.openqa.selenium.remote.ErrorCodec.decode(ErrorCodec.java:167)
	at org.openqa.selenium.remote.codec.w3c.W3CHttpResponseCodec.decode(W3CHttpResponseCodec.java:138)
	at org.openqa.selenium.remote.codec.w3c.W3CHttpResponseCodec.decode(W3CHttpResponseCodec.java:50)
	at org.openqa.selenium.remote.HttpCommandExecutor.execute(HttpCommandExecutor.java:190)
	at org.openqa.selenium.remote.service.DriverCommandExecutor.invokeExecute(DriverCommandExecutor.java:216)
	at org.openqa.selenium.remote.service.DriverCommandExecutor.execute(DriverCommandExecutor.java:174)
	at org.openqa.selenium.remote.RemoteWebDriver.execute(RemoteWebDriver.java:518)
	at org.openqa.selenium.remote.RemoteWebDriver.execute(RemoteWebDriver.java:591)
	at org.openqa.selenium.remote.RemoteWebDriver.execute(RemoteWebDriver.java:595)
	at org.openqa.selenium.remote.RemoteWebDriver.getWindowHandles(RemoteWebDriver.java:442)
	at core.keywords.Actions.handleStaySignedInPrompt(Actions.java:245)
	at core.keywords.Actions.waitForAuthenticationToComplete(Actions.java:405)
	at core.keywords.Actions.waitForAuthenticationToCompleteOrFail(Actions.java:393)
	at core.keywords.Actions.enterMicrosoftOtp(Actions.java:351)
	at core.engine.KeywordEngine.executeSteps(KeywordEngine.java:103)
	at runner.TestRunner.runLoginTestCase(TestRunner.java:87)
	at java.base/jdk.internal.reflect.NativeMethodAccessorImpl.invoke0(Native Method)
	at java.base/jdk.internal.reflect.NativeMethodAccessorImpl.invoke(NativeMethodAccessorImpl.java:77)
	at java.base/jdk.internal.reflect.DelegatingMethodAccessorImpl.invoke(DelegatingMethodAccessorImpl.java:43)
	at java.base/java.lang.reflect.Method.invoke(Method.java:569)
	at org.testng.internal.invokers.MethodInvocationHelper.invokeMethod(MethodInvocationHelper.java:141)
	at org.testng.internal.invokers.TestInvoker.invokeMethod(TestInvoker.java:686)
	at org.testng.internal.invokers.TestInvoker.invokeTestMethod(TestInvoker.java:230)
	at org.testng.internal.invokers.MethodRunner.runInSequence(MethodRunner.java:63)
	at org.testng.internal.invokers.TestInvoker$MethodInvocationAgent.invoke(TestInvoker.java:992)
	at org.testng.internal.invokers.TestInvoker.invokeTestMethods(TestInvoker.java:203)
	at org.testng.internal.invokers.TestMethodWorker.invokeTestMethods(TestMethodWorker.java:154)
	at org.testng.internal.invokers.TestMethodWorker.run(TestMethodWorker.java:134)
	at java.base/java.util.ArrayList.forEach(ArrayList.java:1511)
	at org.testng.TestRunner.privateRun(TestRunner.java:739)
	at org.testng.TestRunner.run(TestRunner.java:614)
	at org.testng.SuiteRunner.runTest(SuiteRunner.java:421)
	at org.testng.SuiteRunner.runSequentially(SuiteRunner.java:413)
	at org.testng.SuiteRunner.privateRun(SuiteRunner.java:373)
	at org.testng.SuiteRunner.run(SuiteRunner.java:312)
	at org.testng.SuiteRunnerWorker.runSuite(SuiteRunnerWorker.java:52)
	at org.testng.SuiteRunnerWorker.run(SuiteRunnerWorker.java:95)
	at org.testng.TestNG.runSuitesSequentially(TestNG.java:1274)
	at org.testng.TestNG.runSuitesLocally(TestNG.java:1208)
	at org.testng.TestNG.runSuites(TestNG.java:1112)
	at org.testng.TestNG.run(TestNG.java:1079)
	at org.apache.maven.surefire.testng.TestNGExecutor.run(TestNGExecutor.java:308)
	at org.apache.maven.surefire.testng.TestNGXmlTestSuite.execute(TestNGXmlTestSuite.java:71)
	at org.apache.maven.surefire.testng.TestNGProvider.invoke(TestNGProvider.java:113)
	at org.apache.maven.surefire.booter.ForkedBooter.runSuitesInProcess(ForkedBooter.java:385)
	at org.apache.maven.surefire.booter.ForkedBooter.execute(ForkedBooter.java:162)
	at org.apache.maven.surefire.booter.ForkedBooter.run(ForkedBooter.java:507)
	at org.apache.maven.surefire.booter.ForkedBooter.main(ForkedBooter.java:495)
]]></failure>
    <system-out><![CDATA[
=== RUNNING Login_TC.xlsx :: PK-008 - Đăng nhập tài khoản đã có Mã Bảo mật - Đăng nhập bằng SSO thành công ===
2026-05-26 15:13:33,022 [main] INFO : Using chromedriver 148.0.7778.178 (resolved driver for Chrome 148)
2026-05-26 15:13:33,044 [main] INFO : Exporting webdriver.chrome.driver as C:\Users\PC\.cache\selenium\chromedriver\win64\148.0.7778.178\chromedriver.exe
Step 01: navigate |  | https://beatchat.ai/
Step 02: loginwithmicrosoft |  | ***
Step 03: entermicrosoftotp |  | ***
]]></system-out>
    <system-err><![CDATA[May 26, 2026 3:13:34 PM org.openqa.selenium.devtools.CdpVersionFinder findNearestMatch
WARNING: Unable to find CDP implementation matching 148
May 26, 2026 3:13:34 PM org.openqa.selenium.chromium.ChromiumDriver lambda$new$5
WARNING: Unable to find version of CDP to use for 148.0.7778.179. You may need to include a dependency on a specific version of the CDP using something similar to `org.seleniumhq.selenium:selenium-devtools-v86:4.21.0` where the version ("v86") matches the version of the chromium-based browser you're using and the version number of the artifact is the same as Selenium's.
]]></system-err>
  </testcase>
  <testcase name="runLoginTestCase[Login_TC.xlsx :: PK-009](9)" classname="runner.TestRunner" time="0.0">
    <skipped message="Run is not Y in TestCases sheet"/>
    <system-out><![CDATA[
=== RUNNING Login_TC.xlsx :: PK-009 - Đăng nhập tài khoản đã có Mã Bảo mật - Đăng nhập bằng SSO thất bại ===
]]></system-out>
    <system-err><![CDATA[org.openqa.selenium.NoSuchSessionException: invalid session id
Build info: version: '4.21.0', revision: '79ed462ef4'
System info: os.name: 'Windows 11', os.arch: 'amd64', os.version: '10.0', java.version: '17.0.19'
Driver info: org.openqa.selenium.chrome.ChromeDriver
Command: [e23d9bf654d1d9a8897a3148c055ee1b, screenshot {}]
Capabilities {acceptInsecureCerts: false, browserName: chrome, browserVersion: 148.0.7778.179, chrome: {chromedriverVersion: 148.0.7778.178 (d096af1c9e9..., userDataDir: C:\Users\PC\AppData\Local\T...}, fedcm:accounts: true, goog:chromeOptions: {debuggerAddress: localhost:65359}, goog:processID: 13140, networkConnectionEnabled: false, pageLoadStrategy: normal, platformName: windows, proxy: Proxy(), se:cdp: ws://localhost:65359/devtoo..., se:cdpVersion: 148.0.7778.179, setWindowRect: true, strictFileInteractability: false, timeouts: {implicit: 0, pageLoad: 300000, script: 30000}, unhandledPromptBehavior: dismiss and notify, webauthn:extension:credBlob: true, webauthn:extension:largeBlob: true, webauthn:extension:minPinLength: true, webauthn:extension:prf: true, webauthn:virtualAuthenticators: true}
Session ID: e23d9bf654d1d9a8897a3148c055ee1b
	at java.base/jdk.internal.reflect.NativeConstructorAccessorImpl.newInstance0(Native Method)
	at java.base/jdk.internal.reflect.NativeConstructorAccessorImpl.newInstance(NativeConstructorAccessorImpl.java:77)
	at java.base/jdk.internal.reflect.DelegatingConstructorAccessorImpl.newInstance(DelegatingConstructorAccessorImpl.java:45)
	at java.base/java.lang.reflect.Constructor.newInstanceWithCaller(Constructor.java:500)
	at java.base/java.lang.reflect.Constructor.newInstance(Constructor.java:481)
	at org.openqa.selenium.remote.ErrorCodec.decode(ErrorCodec.java:167)
	at org.openqa.selenium.remote.codec.w3c.W3CHttpResponseCodec.decode(W3CHttpResponseCodec.java:138)
	at org.openqa.selenium.remote.codec.w3c.W3CHttpResponseCodec.decode(W3CHttpResponseCodec.java:50)
	at org.openqa.selenium.remote.HttpCommandExecutor.execute(HttpCommandExecutor.java:190)
	at org.openqa.selenium.remote.service.DriverCommandExecutor.invokeExecute(DriverCommandExecutor.java:216)
	at org.openqa.selenium.remote.service.DriverCommandExecutor.execute(DriverCommandExecutor.java:174)
	at org.openqa.selenium.remote.RemoteWebDriver.execute(RemoteWebDriver.java:518)
	at org.openqa.selenium.remote.RemoteWebDriver.execute(RemoteWebDriver.java:591)
	at org.openqa.selenium.remote.RemoteWebDriver.execute(RemoteWebDriver.java:595)
	at org.openqa.selenium.remote.RemoteWebDriver.getScreenshotAs(RemoteWebDriver.java:321)
	at utils.AllureListener.saveScreenshot(AllureListener.java:18)
	at utils.AllureListener.onTestFailure(AllureListener.java:29)
	at org.testng.internal.TestListenerHelper.runTestListeners(TestListenerHelper.java:115)
	at org.testng.internal.invokers.TestInvoker.runTestResultListener(TestInvoker.java:285)
	at org.testng.internal.invokers.TestInvoker.invokeMethod(TestInvoker.java:774)
	at org.testng.internal.invokers.TestInvoker.invokeTestMethod(TestInvoker.java:230)
	at org.testng.internal.invokers.MethodRunner.runInSequence(MethodRunner.java:63)
	at org.testng.internal.invokers.TestInvoker$MethodInvocationAgent.invoke(TestInvoker.java:992)
	at org.testng.internal.invokers.TestInvoker.invokeTestMethods(TestInvoker.java:203)
	at org.testng.internal.invokers.TestMethodWorker.invokeTestMethods(TestMethodWorker.java:154)
	at org.testng.internal.invokers.TestMethodWorker.run(TestMethodWorker.java:134)
	at java.base/java.util.ArrayList.forEach(ArrayList.java:1511)
	at org.testng.TestRunner.privateRun(TestRunner.java:739)
	at org.testng.TestRunner.run(TestRunner.java:614)
	at org.testng.SuiteRunner.runTest(SuiteRunner.java:421)
	at org.testng.SuiteRunner.runSequentially(SuiteRunner.java:413)
	at org.testng.SuiteRunner.privateRun(SuiteRunner.java:373)
	at org.testng.SuiteRunner.run(SuiteRunner.java:312)
	at org.testng.SuiteRunnerWorker.runSuite(SuiteRunnerWorker.java:52)
	at org.testng.SuiteRunnerWorker.run(SuiteRunnerWorker.java:95)
	at org.testng.TestNG.runSuitesSequentially(TestNG.java:1274)
	at org.testng.TestNG.runSuitesLocally(TestNG.java:1208)
	at org.testng.TestNG.runSuites(TestNG.java:1112)
	at org.testng.TestNG.run(TestNG.java:1079)
	at org.apache.maven.surefire.testng.TestNGExecutor.run(TestNGExecutor.java:308)
	at org.apache.maven.surefire.testng.TestNGXmlTestSuite.execute(TestNGXmlTestSuite.java:71)
	at org.apache.maven.surefire.testng.TestNGProvider.invoke(TestNGProvider.java:113)
	at org.apache.maven.surefire.booter.ForkedBooter.runSuitesInProcess(ForkedBooter.java:385)
	at org.apache.maven.surefire.booter.ForkedBooter.execute(ForkedBooter.java:162)
	at org.apache.maven.surefire.booter.ForkedBooter.run(ForkedBooter.java:507)
	at org.apache.maven.surefire.booter.ForkedBooter.main(ForkedBooter.java:495)
]]></system-err>
  </testcase>
  <testcase name="runLoginTestCase[Login_TC.xlsx :: PK-010](10)" classname="runner.TestRunner" time="0.0">
    <skipped message="Run is not Y in TestCases sheet"/>
    <system-out><![CDATA[
=== RUNNING Login_TC.xlsx :: PK-010 - Đăng nhập tài khoản đã có Mã Bảo mật - Đăng nhập bằng SSO - Nhập mã PIN thành công ===
]]></system-out>
  </testcase>
  <testcase name="runLoginTestCase[Login_TC.xlsx :: PK-011](11)" classname="runner.TestRunner" time="83.936">
    <failure message="invalid session id: session deleted as the browser has closed the connection&#10;from disconnected: not connected to DevTools&#10;  (Session info: chrome=148.0.7778.179)&#10;Build info: version: &apos;4.21.0&apos;, revision: &apos;79ed462ef4&apos;&#10;System info: os.name: &apos;Windows 11&apos;, os.arch: &apos;amd64&apos;, os.version: &apos;10.0&apos;, java.version: &apos;17.0.19&apos;&#10;Driver info: org.openqa.selenium.chrome.ChromeDriver&#10;Command: [33e66fdd2883e1bca7a19650a23a839a, getWindowHandles {}]&#10;Capabilities {acceptInsecureCerts: false, browserName: chrome, browserVersion: 148.0.7778.179, chrome: {chromedriverVersion: 148.0.7778.178 (d096af1c9e9..., userDataDir: C:\Users\PC\AppData\Local\T...}, fedcm:accounts: true, goog:chromeOptions: {debuggerAddress: localhost:61837}, goog:processID: 1864, networkConnectionEnabled: false, pageLoadStrategy: normal, platformName: windows, proxy: Proxy(), se:cdp: ws://localhost:61837/devtoo..., se:cdpVersion: 148.0.7778.179, setWindowRect: true, strictFileInteractability: false, timeouts: {implicit: 0, pageLoad: 300000, script: 30000}, unhandledPromptBehavior: dismiss and notify, webauthn:extension:credBlob: true, webauthn:extension:largeBlob: true, webauthn:extension:minPinLength: true, webauthn:extension:prf: true, webauthn:virtualAuthenticators: true}&#10;Session ID: 33e66fdd2883e1bca7a19650a23a839a" type="org.openqa.selenium.NoSuchSessionException"><![CDATA[org.openqa.selenium.NoSuchSessionException: 
invalid session id: session deleted as the browser has closed the connection
from disconnected: not connected to DevTools
  (Session info: chrome=148.0.7778.179)
Build info: version: '4.21.0', revision: '79ed462ef4'
System info: os.name: 'Windows 11', os.arch: 'amd64', os.version: '10.0', java.version: '17.0.19'
Driver info: org.openqa.selenium.chrome.ChromeDriver
Command: [33e66fdd2883e1bca7a19650a23a839a, getWindowHandles {}]
Capabilities {acceptInsecureCerts: false, browserName: chrome, browserVersion: 148.0.7778.179, chrome: {chromedriverVersion: 148.0.7778.178 (d096af1c9e9..., userDataDir: C:\Users\PC\AppData\Local\T...}, fedcm:accounts: true, goog:chromeOptions: {debuggerAddress: localhost:61837}, goog:processID: 1864, networkConnectionEnabled: false, pageLoadStrategy: normal, platformName: windows, proxy: Proxy(), se:cdp: ws://localhost:61837/devtoo..., se:cdpVersion: 148.0.7778.179, setWindowRect: true, strictFileInteractability: false, timeouts: {implicit: 0, pageLoad: 300000, script: 30000}, unhandledPromptBehavior: dismiss and notify, webauthn:extension:credBlob: true, webauthn:extension:largeBlob: true, webauthn:extension:minPinLength: true, webauthn:extension:prf: true, webauthn:virtualAuthenticators: true}
Session ID: 33e66fdd2883e1bca7a19650a23a839a
	at java.base/jdk.internal.reflect.NativeConstructorAccessorImpl.newInstance0(Native Method)
	at java.base/jdk.internal.reflect.NativeConstructorAccessorImpl.newInstance(NativeConstructorAccessorImpl.java:77)
	at java.base/jdk.internal.reflect.DelegatingConstructorAccessorImpl.newInstance(DelegatingConstructorAccessorImpl.java:45)
	at java.base/java.lang.reflect.Constructor.newInstanceWithCaller(Constructor.java:500)
	at java.base/java.lang.reflect.Constructor.newInstance(Constructor.java:481)
	at org.openqa.selenium.remote.ErrorCodec.decode(ErrorCodec.java:167)
	at org.openqa.selenium.remote.codec.w3c.W3CHttpResponseCodec.decode(W3CHttpResponseCodec.java:138)
	at org.openqa.selenium.remote.codec.w3c.W3CHttpResponseCodec.decode(W3CHttpResponseCodec.java:50)
	at org.openqa.selenium.remote.HttpCommandExecutor.execute(HttpCommandExecutor.java:190)
	at org.openqa.selenium.remote.service.DriverCommandExecutor.invokeExecute(DriverCommandExecutor.java:216)
	at org.openqa.selenium.remote.service.DriverCommandExecutor.execute(DriverCommandExecutor.java:174)
	at org.openqa.selenium.remote.RemoteWebDriver.execute(RemoteWebDriver.java:518)
	at org.openqa.selenium.remote.RemoteWebDriver.execute(RemoteWebDriver.java:591)
	at org.openqa.selenium.remote.RemoteWebDriver.execute(RemoteWebDriver.java:595)
	at org.openqa.selenium.remote.RemoteWebDriver.getWindowHandles(RemoteWebDriver.java:442)
	at core.keywords.Actions.handleStaySignedInPrompt(Actions.java:245)
	at core.keywords.Actions.waitForAuthenticationToComplete(Actions.java:405)
	at core.keywords.Actions.waitForAuthenticationToCompleteOrFail(Actions.java:393)
	at core.keywords.Actions.enterMicrosoftOtp(Actions.java:351)
	at core.engine.KeywordEngine.executeSteps(KeywordEngine.java:103)
	at runner.TestRunner.runLoginTestCase(TestRunner.java:87)
	at java.base/jdk.internal.reflect.NativeMethodAccessorImpl.invoke0(Native Method)
	at java.base/jdk.internal.reflect.NativeMethodAccessorImpl.invoke(NativeMethodAccessorImpl.java:77)
	at java.base/jdk.internal.reflect.DelegatingMethodAccessorImpl.invoke(DelegatingMethodAccessorImpl.java:43)
	at java.base/java.lang.reflect.Method.invoke(Method.java:569)
	at org.testng.internal.invokers.MethodInvocationHelper.invokeMethod(MethodInvocationHelper.java:141)
	at org.testng.internal.invokers.TestInvoker.invokeMethod(TestInvoker.java:686)
	at org.testng.internal.invokers.TestInvoker.invokeTestMethod(TestInvoker.java:230)
	at org.testng.internal.invokers.MethodRunner.runInSequence(MethodRunner.java:63)
	at org.testng.internal.invokers.TestInvoker$MethodInvocationAgent.invoke(TestInvoker.java:992)
	at org.testng.internal.invokers.TestInvoker.invokeTestMethods(TestInvoker.java:203)
	at org.testng.internal.invokers.TestMethodWorker.invokeTestMethods(TestMethodWorker.java:154)
	at org.testng.internal.invokers.TestMethodWorker.run(TestMethodWorker.java:134)
	at java.base/java.util.ArrayList.forEach(ArrayList.java:1511)
	at org.testng.TestRunner.privateRun(TestRunner.java:739)
	at org.testng.TestRunner.run(TestRunner.java:614)
	at org.testng.SuiteRunner.runTest(SuiteRunner.java:421)
	at org.testng.SuiteRunner.runSequentially(SuiteRunner.java:413)
	at org.testng.SuiteRunner.privateRun(SuiteRunner.java:373)
	at org.testng.SuiteRunner.run(SuiteRunner.java:312)
	at org.testng.SuiteRunnerWorker.runSuite(SuiteRunnerWorker.java:52)
	at org.testng.SuiteRunnerWorker.run(SuiteRunnerWorker.java:95)
	at org.testng.TestNG.runSuitesSequentially(TestNG.java:1274)
	at org.testng.TestNG.runSuitesLocally(TestNG.java:1208)
	at org.testng.TestNG.runSuites(TestNG.java:1112)
	at org.testng.TestNG.run(TestNG.java:1079)
	at org.apache.maven.surefire.testng.TestNGExecutor.run(TestNGExecutor.java:308)
	at org.apache.maven.surefire.testng.TestNGXmlTestSuite.execute(TestNGXmlTestSuite.java:71)
	at org.apache.maven.surefire.testng.TestNGProvider.invoke(TestNGProvider.java:113)
	at org.apache.maven.surefire.booter.ForkedBooter.runSuitesInProcess(ForkedBooter.java:385)
	at org.apache.maven.surefire.booter.ForkedBooter.execute(ForkedBooter.java:162)
	at org.apache.maven.surefire.booter.ForkedBooter.run(ForkedBooter.java:507)
	at org.apache.maven.surefire.booter.ForkedBooter.main(ForkedBooter.java:495)
]]></failure>
    <system-out><![CDATA[
=== RUNNING Login_TC.xlsx :: PK-011 - Đăng nhập tài khoản đã có Mã Bảo mật - Đăng nhập bằng SSO - Nhập mã PIN cũ/PIN không hợp lệ ===
2026-05-26 15:14:22,771 [main] INFO : Using chromedriver 148.0.7778.178 (resolved driver for Chrome 148)
2026-05-26 15:14:22,780 [main] INFO : Exporting webdriver.chrome.driver as C:\Users\PC\.cache\selenium\chromedriver\win64\148.0.7778.178\chromedriver.exe
Step 01: navigate |  | https://beatchat.ai/
Step 02: loginwithmicrosoft |  | ***
Step 03: entermicrosoftotp |  | ***
]]></system-out>
    <system-err><![CDATA[May 26, 2026 3:14:23 PM org.openqa.selenium.devtools.CdpVersionFinder findNearestMatch
WARNING: Unable to find CDP implementation matching 148
May 26, 2026 3:14:23 PM org.openqa.selenium.chromium.ChromiumDriver lambda$new$5
WARNING: Unable to find version of CDP to use for 148.0.7778.179. You may need to include a dependency on a specific version of the CDP using something similar to `org.seleniumhq.selenium:selenium-devtools-v86:4.21.0` where the version ("v86") matches the version of the chromium-based browser you're using and the version number of the artifact is the same as Selenium's.
]]></system-err>
  </testcase>
  <testcase name="runLoginTestCase[Login_TC.xlsx :: PK-012](12)" classname="runner.TestRunner" time="0.0">
    <skipped message="Run is not Y in TestCases sheet"/>
    <system-out><![CDATA[
=== RUNNING Login_TC.xlsx :: PK-012 - Đăng nhập tài khoản đã có Mã Bảo mật - Kiểm tra Giới hạn nhập mã PIN ===
]]></system-out>
    <system-err><![CDATA[org.openqa.selenium.NoSuchSessionException: invalid session id
Build info: version: '4.21.0', revision: '79ed462ef4'
System info: os.name: 'Windows 11', os.arch: 'amd64', os.version: '10.0', java.version: '17.0.19'
Driver info: org.openqa.selenium.chrome.ChromeDriver
Command: [33e66fdd2883e1bca7a19650a23a839a, screenshot {}]
Capabilities {acceptInsecureCerts: false, browserName: chrome, browserVersion: 148.0.7778.179, chrome: {chromedriverVersion: 148.0.7778.178 (d096af1c9e9..., userDataDir: C:\Users\PC\AppData\Local\T...}, fedcm:accounts: true, goog:chromeOptions: {debuggerAddress: localhost:61837}, goog:processID: 1864, networkConnectionEnabled: false, pageLoadStrategy: normal, platformName: windows, proxy: Proxy(), se:cdp: ws://localhost:61837/devtoo..., se:cdpVersion: 148.0.7778.179, setWindowRect: true, strictFileInteractability: false, timeouts: {implicit: 0, pageLoad: 300000, script: 30000}, unhandledPromptBehavior: dismiss and notify, webauthn:extension:credBlob: true, webauthn:extension:largeBlob: true, webauthn:extension:minPinLength: true, webauthn:extension:prf: true, webauthn:virtualAuthenticators: true}
Session ID: 33e66fdd2883e1bca7a19650a23a839a
	at java.base/jdk.internal.reflect.NativeConstructorAccessorImpl.newInstance0(Native Method)
	at java.base/jdk.internal.reflect.NativeConstructorAccessorImpl.newInstance(NativeConstructorAccessorImpl.java:77)
	at java.base/jdk.internal.reflect.DelegatingConstructorAccessorImpl.newInstance(DelegatingConstructorAccessorImpl.java:45)
	at java.base/java.lang.reflect.Constructor.newInstanceWithCaller(Constructor.java:500)
	at java.base/java.lang.reflect.Constructor.newInstance(Constructor.java:481)
	at org.openqa.selenium.remote.ErrorCodec.decode(ErrorCodec.java:167)
	at org.openqa.selenium.remote.codec.w3c.W3CHttpResponseCodec.decode(W3CHttpResponseCodec.java:138)
	at org.openqa.selenium.remote.codec.w3c.W3CHttpResponseCodec.decode(W3CHttpResponseCodec.java:50)
	at org.openqa.selenium.remote.HttpCommandExecutor.execute(HttpCommandExecutor.java:190)
	at org.openqa.selenium.remote.service.DriverCommandExecutor.invokeExecute(DriverCommandExecutor.java:216)
	at org.openqa.selenium.remote.service.DriverCommandExecutor.execute(DriverCommandExecutor.java:174)
	at org.openqa.selenium.remote.RemoteWebDriver.execute(RemoteWebDriver.java:518)
	at org.openqa.selenium.remote.RemoteWebDriver.execute(RemoteWebDriver.java:591)
	at org.openqa.selenium.remote.RemoteWebDriver.execute(RemoteWebDriver.java:595)
	at org.openqa.selenium.remote.RemoteWebDriver.getScreenshotAs(RemoteWebDriver.java:321)
	at utils.AllureListener.saveScreenshot(AllureListener.java:18)
	at utils.AllureListener.onTestFailure(AllureListener.java:29)
	at org.testng.internal.TestListenerHelper.runTestListeners(TestListenerHelper.java:115)
	at org.testng.internal.invokers.TestInvoker.runTestResultListener(TestInvoker.java:285)
	at org.testng.internal.invokers.TestInvoker.invokeMethod(TestInvoker.java:774)
	at org.testng.internal.invokers.TestInvoker.invokeTestMethod(TestInvoker.java:230)
	at org.testng.internal.invokers.MethodRunner.runInSequence(MethodRunner.java:63)
	at org.testng.internal.invokers.TestInvoker$MethodInvocationAgent.invoke(TestInvoker.java:992)
	at org.testng.internal.invokers.TestInvoker.invokeTestMethods(TestInvoker.java:203)
	at org.testng.internal.invokers.TestMethodWorker.invokeTestMethods(TestMethodWorker.java:154)
	at org.testng.internal.invokers.TestMethodWorker.run(TestMethodWorker.java:134)
	at java.base/java.util.ArrayList.forEach(ArrayList.java:1511)
	at org.testng.TestRunner.privateRun(TestRunner.java:739)
	at org.testng.TestRunner.run(TestRunner.java:614)
	at org.testng.SuiteRunner.runTest(SuiteRunner.java:421)
	at org.testng.SuiteRunner.runSequentially(SuiteRunner.java:413)
	at org.testng.SuiteRunner.privateRun(SuiteRunner.java:373)
	at org.testng.SuiteRunner.run(SuiteRunner.java:312)
	at org.testng.SuiteRunnerWorker.runSuite(SuiteRunnerWorker.java:52)
	at org.testng.SuiteRunnerWorker.run(SuiteRunnerWorker.java:95)
	at org.testng.TestNG.runSuitesSequentially(TestNG.java:1274)
	at org.testng.TestNG.runSuitesLocally(TestNG.java:1208)
	at org.testng.TestNG.runSuites(TestNG.java:1112)
	at org.testng.TestNG.run(TestNG.java:1079)
	at org.apache.maven.surefire.testng.TestNGExecutor.run(TestNGExecutor.java:308)
	at org.apache.maven.surefire.testng.TestNGXmlTestSuite.execute(TestNGXmlTestSuite.java:71)
	at org.apache.maven.surefire.testng.TestNGProvider.invoke(TestNGProvider.java:113)
	at org.apache.maven.surefire.booter.ForkedBooter.runSuitesInProcess(ForkedBooter.java:385)
	at org.apache.maven.surefire.booter.ForkedBooter.execute(ForkedBooter.java:162)
	at org.apache.maven.surefire.booter.ForkedBooter.run(ForkedBooter.java:507)
	at org.apache.maven.surefire.booter.ForkedBooter.main(ForkedBooter.java:495)
]]></system-err>
  </testcase>
  <testcase name="runLoginTestCase[Login_TC.xlsx :: PK-013](13)" classname="runner.TestRunner" time="0.0">
    <skipped message="Run is not Y in TestCases sheet"/>
    <system-out><![CDATA[
=== RUNNING Login_TC.xlsx :: PK-013 - Đăng nhập tài khoản đã có Mã Bảo mật - Đăng nhập bằng SSO - Upload mã QR Pin thành công ===
]]></system-out>
  </testcase>
  <testcase name="runLoginTestCase[Login_TC.xlsx :: PK-014](14)" classname="runner.TestRunner" time="0.0">
    <skipped message="Run is not Y in TestCases sheet"/>
    <system-out><![CDATA[
=== RUNNING Login_TC.xlsx :: PK-014 - Đăng nhập tài khoản đã có Mã Bảo mật - Đăng nhập bằng SSO - Upload mã QR Pin cũ/không hợp lệ ===
]]></system-out>
  </testcase>
  <testcase name="runLoginTestCase[Login_TC.xlsx :: PK-015](15)" classname="runner.TestRunner" time="0.0">
    <skipped message="Run is not Y in TestCases sheet"/>
    <system-out><![CDATA[
=== RUNNING Login_TC.xlsx :: PK-015 - Đăng nhập tài khoản đã có Mã Bảo mật - Kiểm tra Giới hạn upload PIN QR ===
]]></system-out>
  </testcase>
  <testcase name="runLoginTestCase[Login_TC.xlsx :: PK-016](16)" classname="runner.TestRunner" time="0.0">
    <skipped message="Run is not Y in TestCases sheet"/>
    <system-out><![CDATA[
=== RUNNING Login_TC.xlsx :: PK-016 - Đăng nhập tài khoản đã có Mã Bảo mật - Đăng nhập bằng SSO - Quên mã - Quay lại: Huỷ thay đổi mã Pin và đăng nhập bằng Mã PIN đúng ===
]]></system-out>
  </testcase>
  <testcase name="runLoginTestCase[Login_TC.xlsx :: PK-017](17)" classname="runner.TestRunner" time="0.0">
    <skipped message="Run is not Y in TestCases sheet"/>
    <system-out><![CDATA[
=== RUNNING Login_TC.xlsx :: PK-017 - Đặt lại mã bảo mật - Đăng nhập bằng SSO - Quên mã - Thay đổi mã PIN: nhập mã Pin và kiểm tra thay đổi tại màn hình ===
]]></system-out>
  </testcase>
  <testcase name="runLoginTestCase[Login_TC.xlsx :: PK-018](18)" classname="runner.TestRunner" time="0.0">
    <skipped message="Run is not Y in TestCases sheet"/>
    <system-out><![CDATA[
=== RUNNING Login_TC.xlsx :: PK-018 - Đặt lại mã bảo mật - Đăng nhập bằng SSO - Quên mã - Thay đổi mã PIN: nhập mã PIN hợp lệ và kiểm tra gửi nhận email OTP ===
]]></system-out>
  </testcase>
  <testcase name="runLoginTestCase[Login_TC.xlsx :: PK-019](19)" classname="runner.TestRunner" time="0.0">
    <skipped message="Run is not Y in TestCases sheet"/>
    <system-out><![CDATA[
=== RUNNING Login_TC.xlsx :: PK-019 - Đặt lại mã bảo mật - Kiểm tra quy tắc gửi nhận OTP [BE check] ===
]]></system-out>
  </testcase>
  <testcase name="runLoginTestCase[Login_TC.xlsx :: PK-020](20)" classname="runner.TestRunner" time="0.0">
    <skipped message="Run is not Y in TestCases sheet"/>
    <system-out><![CDATA[
=== RUNNING Login_TC.xlsx :: PK-020 - Đặt lại mã bảo mật - Kiểm tra quy tắc nhập sai OTP [BE check] ===
]]></system-out>
  </testcase>
  <testcase name="runLoginTestCase[Login_TC.xlsx :: PK-021](21)" classname="runner.TestRunner" time="0.0">
    <skipped message="Run is not Y in TestCases sheet"/>
    <system-out><![CDATA[
=== RUNNING Login_TC.xlsx :: PK-021 - Đặt lại mã bảo mật - Đăng nhập bằng SSO - Quên mã - Thay đổi mã PIN: Nhập mã OTP hết hạn/Không khả dụng ===
]]></system-out>
  </testcase>
  <testcase name="runLoginTestCase[Login_TC.xlsx :: PK-022](22)" classname="runner.TestRunner" time="0.0">
    <skipped message="Run is not Y in TestCases sheet"/>
    <system-out><![CDATA[
=== RUNNING Login_TC.xlsx :: PK-022 - Đặt lại mã bảo mật - Đăng nhập bằng SSO - Quên mã - Thay đổi mã PIN: Nhập mã OTP xác nhận thành công ===
]]></system-out>
  </testcase>
  <testcase name="runLoginTestCase[Login_TC.xlsx :: PK-023](23)" classname="runner.TestRunner" time="0.0">
    <skipped message="Run is not Y in TestCases sheet"/>
    <system-out><![CDATA[
=== RUNNING Login_TC.xlsx :: PK-023 - Đặt lại mã bảo mật - Đăng nhập SSO - Thay đổi mã thành công: Terminate các phiên đăng nhập khác (BE check) ===
]]></system-out>
  </testcase>
  <testcase name="runLoginTestCase[Login_TC.xlsx :: PK-024](24)" classname="runner.TestRunner" time="0.0">
    <skipped message="Run is not Y in TestCases sheet"/>
    <system-out><![CDATA[
=== RUNNING Login_TC.xlsx :: PK-024 - Kiểm tra direct screen khi chưa hoàn thành luồng đăng nhập - Đăng nhập SSO thành công, chưa nhập mã PIN: Đóng trình duyệt và mở lại ===
]]></system-out>
  </testcase>
  <testcase name="runLoginTestCase[Login_TC.xlsx :: PK-025](25)" classname="runner.TestRunner" time="0.0">
    <skipped message="Run is not Y in TestCases sheet"/>
    <system-out><![CDATA[
=== RUNNING Login_TC.xlsx :: PK-025 - Kiểm tra direct screen khi chưa hoàn thành luồng đăng nhập - Đăng nhập SSO thành công, Thay đổi mã PIN, Xác thực OTP: Chưa hoàn thành xác thực Đóng app/trình duyệt và mở lại ===
]]></system-out>
  </testcase>
  <testcase name="runLoginTestCase[Login_TC.xlsx :: PK-026](26)" classname="runner.TestRunner" time="0.0">
    <skipped message="Run is not Y in TestCases sheet"/>
    <system-out><![CDATA[
=== RUNNING Login_TC.xlsx :: PK-026 - Kiểm tra direct screen khi chưa hoàn thành luồng đăng nhập - Đăng nhập SSO thành công, Thay đổi mã PIN, Xác thực OTP: Đã xác thực (chưa xác nhận), Đóng trình duyệt/ứng dụng và mở lại ===
]]></system-out>
  </testcase>
  <testcase name="runLoginTestCase[Login_TC.xlsx :: PK-027](27)" classname="runner.TestRunner" time="0.0">
    <skipped message="Run is not Y in TestCases sheet"/>
    <system-out><![CDATA[
=== RUNNING Login_TC.xlsx :: PK-027 - Kiểm tra generate mã QR Passphase - Mã QR được generate từ Android ===
]]></system-out>
  </testcase>
  <testcase name="runLoginTestCase[Login_TC.xlsx :: PK-028](28)" classname="runner.TestRunner" time="0.0">
    <skipped message="Run is not Y in TestCases sheet"/>
    <system-out><![CDATA[
=== RUNNING Login_TC.xlsx :: PK-028 - Kiểm tra generate mã QR Passphase - Mã QR được generate từ iOS ===
]]></system-out>
  </testcase>
  <testcase name="runLoginTestCase[Login_TC.xlsx :: PK-029](29)" classname="runner.TestRunner" time="0.0">
    <skipped message="Run is not Y in TestCases sheet"/>
    <system-out><![CDATA[
=== RUNNING Login_TC.xlsx :: PK-029 - Kiểm tra generate mã QR Passphase - Mã QR được generate từ Web ===
]]></system-out>
  </testcase>
  <testcase name="runLoginTestCase[Login_TC.xlsx :: PK-031](30)" classname="runner.TestRunner" time="0.0">
    <skipped message="Run is not Y in TestCases sheet"/>
    <system-out><![CDATA[
=== RUNNING Login_TC.xlsx :: PK-031 - Kiểm tra Gửi nhận tin nhắn: Người dùng chưa tạo key - Người dùng chưa tạo key: Hội thoại 1-1 ===
]]></system-out>
  </testcase>
  <testcase name="runLoginTestCase[Login_TC.xlsx :: PK-032](31)" classname="runner.TestRunner" time="0.0">
    <skipped message="Run is not Y in TestCases sheet"/>
    <system-out><![CDATA[
=== RUNNING Login_TC.xlsx :: PK-032 - Kiểm tra Gửi nhận tin nhắn: Người dùng chưa tạo key - Người dùng chưa tạo key: Hội thoại Public, private ===
]]></system-out>
  </testcase>
  <testcase name="runLoginTestCase[Login_TC.xlsx :: PK-033](32)" classname="runner.TestRunner" time="0.0">
    <skipped message="Run is not Y in TestCases sheet"/>
    <system-out><![CDATA[
=== RUNNING Login_TC.xlsx :: PK-033 - Kiểm tra Gửi nhận tin nhắn: Người dùng chưa tạo key - Người dùng chưa tạo key: Hội thoại E2EE ===
]]></system-out>
  </testcase>
  <testcase name="runLoginTestCase[Login_TC.xlsx :: PK-034](33)" classname="runner.TestRunner" time="0.0">
    <skipped message="Run is not Y in TestCases sheet"/>
    <system-out><![CDATA[
=== RUNNING Login_TC.xlsx :: PK-034 - Kiểm tra Gửi nhận tin nhắn: Người dùng chưa tạo key - Người dùng chưa tạo key: Hội thoại E2EE - Kiểm tra forward message ===
]]></system-out>
  </testcase>
  <testcase name="runLoginTestCase[Login_TC.xlsx :: PK-035](34)" classname="runner.TestRunner" time="0.0">
    <skipped message="Run is not Y in TestCases sheet"/>
    <system-out><![CDATA[
=== RUNNING Login_TC.xlsx :: PK-035 - Kiểm tra Gửi nhận tin nhắn: Người dùng chưa tạo key - Chat - Tạo key - Người dùng mới tạo key: Hội thoại 1-1 cũ ===
]]></system-out>
  </testcase>
  <testcase name="runLoginTestCase[Login_TC.xlsx :: PK-036](35)" classname="runner.TestRunner" time="0.0">
    <skipped message="Run is not Y in TestCases sheet"/>
    <system-out><![CDATA[
=== RUNNING Login_TC.xlsx :: PK-036 - Kiểm tra Gửi nhận tin nhắn: Người dùng chưa tạo key - Chat - Tạo key - Người dùng mới tạo key: Hội thoại Public, private cũ ===
]]></system-out>
  </testcase>
  <testcase name="runLoginTestCase[Login_TC.xlsx :: PK-037](36)" classname="runner.TestRunner" time="0.0">
    <skipped message="Run is not Y in TestCases sheet"/>
    <system-out><![CDATA[
=== RUNNING Login_TC.xlsx :: PK-037 - Kiểm tra Gửi nhận tin nhắn: Người dùng chưa tạo key - Chat - Tạo key - Người dùng mới tạo key: Hội thoại e2ee cũ ===
]]></system-out>
  </testcase>
  <testcase name="runLoginTestCase[Login_TC.xlsx :: PK-038](37)" classname="runner.TestRunner" time="0.0">
    <skipped message="Run is not Y in TestCases sheet"/>
    <system-out><![CDATA[
=== RUNNING Login_TC.xlsx :: PK-038 - Kiểm tra gửi nhận tin nhắn: Người dùng đã tạo key - Tạo hội thoại 1-1 với người dùng có key khác ===
]]></system-out>
  </testcase>
  <testcase name="runLoginTestCase[Login_TC.xlsx :: PK-039](38)" classname="runner.TestRunner" time="0.0">
    <skipped message="Run is not Y in TestCases sheet"/>
    <system-out><![CDATA[
=== RUNNING Login_TC.xlsx :: PK-039 - Kiểm tra gửi nhận tin nhắn: Người dùng đã tạo key - Tạo hội thoại Bảo mật ===
]]></system-out>
  </testcase>
  <testcase name="runLoginTestCase[Login_TC.xlsx :: PK-040](39)" classname="runner.TestRunner" time="0.0">
    <skipped message="Run is not Y in TestCases sheet"/>
    <system-out><![CDATA[
=== RUNNING Login_TC.xlsx :: PK-040 - Kiểm tra gửi nhận tin nhắn: Người dùng đã tạo key - Gửi nhận tin nhắn tại hội thoại bảo mật ===
]]></system-out>
  </testcase>
  <testcase name="runLoginTestCase[Login_TC.xlsx :: PK-041](40)" classname="runner.TestRunner" time="0.0">
    <skipped message="Run is not Y in TestCases sheet"/>
    <system-out><![CDATA[
=== RUNNING Login_TC.xlsx :: PK-041 - Quét mã Transfer Key Đăng nhập tại web - Người dùng chưa cài đặt Passphase ===
]]></system-out>
  </testcase>
  <testcase name="runLoginTestCase[Login_TC.xlsx :: PK-042](41)" classname="runner.TestRunner" time="0.0">
    <skipped message="Run is not Y in TestCases sheet"/>
    <system-out><![CDATA[
=== RUNNING Login_TC.xlsx :: PK-042 - Quét mã Transfer Key Đăng nhập tại web - Người dùng đã cài đặt Passphase ===
]]></system-out>
  </testcase>
  <testcase name="runLoginTestCase[Login_TC.xlsx :: PK-043](42)" classname="runner.TestRunner" time="0.0">
    <skipped message="Run is not Y in TestCases sheet"/>
    <system-out><![CDATA[
=== RUNNING Login_TC.xlsx :: PK-043 - Logged in Thay đổi mã bảo mật - Thay đổi mã bảo mật: Nhập OTP ===
]]></system-out>
  </testcase>
  <testcase name="runLoginTestCase[Login_TC.xlsx :: PK-044](43)" classname="runner.TestRunner" time="0.0">
    <skipped message="Run is not Y in TestCases sheet"/>
    <system-out><![CDATA[
=== RUNNING Login_TC.xlsx :: PK-044 - Logged in Thay đổi mã bảo mật - Kiểm tra giới hạn gửi nhận OTP ===
]]></system-out>
  </testcase>
  <testcase name="runLoginTestCase[Login_TC.xlsx :: PK-045](44)" classname="runner.TestRunner" time="0.0">
    <skipped message="Run is not Y in TestCases sheet"/>
    <system-out><![CDATA[
=== RUNNING Login_TC.xlsx :: PK-045 - Logged in Thay đổi mã bảo mật - Hoàn thành thay đổi mã bảo mật ===
]]></system-out>
  </testcase>
  <testcase name="runLoginTestCase[Login_TC.xlsx :: PK-046](45)" classname="runner.TestRunner" time="0.0">
    <skipped message="Run is not Y in TestCases sheet"/>
    <system-out><![CDATA[
=== RUNNING Login_TC.xlsx :: PK-046 - Đăng nhập tài khoản - Đăng nhập tài khoản có passphase - Đăng xuất - Đăng nhập lại ===
]]></system-out>
  </testcase>
  <testcase name="runLoginTestCase[Login_TC.xlsx :: PK-047](46)" classname="runner.TestRunner" time="0.0">
    <skipped message="Run is not Y in TestCases sheet"/>
    <system-out><![CDATA[
=== RUNNING Login_TC.xlsx :: PK-047 - Đăng nhập tài khoản - Đăng nhập tài khoản có passphase - Đăng xuất - Đặt lại PassKEY ở Tài khoản khác - Đăng nhập lại ===
]]></system-out>
  </testcase>
  <testcase name="runLoginTestCase[Login_TC.xlsx :: PK-048](47)" classname="runner.TestRunner" time="0.0">
    <skipped message="Run is not Y in TestCases sheet"/>
    <system-out><![CDATA[
=== RUNNING Login_TC.xlsx :: PK-048 - Đăng nhập tài khoản - Đăng nhập tài khoản có passphase - Đăng xuất - Đăng nhập bằng tài khoản khác ===
]]></system-out>
  </testcase>
  <testcase name="runLoginTestCase[Login_TC.xlsx :: PK-049](48)" classname="runner.TestRunner" time="0.0">
    <skipped message="Run is not Y in TestCases sheet"/>
    <system-out><![CDATA[
=== RUNNING Login_TC.xlsx :: PK-049 - Check tin nhắn tại hội thoại e2e sau khi đã đổi key ( Passphase) đối với tài khoản đã có passphase - Quên passphase của tài khoản thành công - Reset và đăng nhập với passphase mới -->  check tin nhắn cũ ở hội thoại e2e ===
]]></system-out>
  </testcase>
  <testcase name="runLoginTestCase[Login_TC.xlsx :: PK-050](49)" classname="runner.TestRunner" time="0.0">
    <skipped message="Run is not Y in TestCases sheet"/>
    <system-out><![CDATA[
=== RUNNING Login_TC.xlsx :: PK-050 - Check tin nhắn tại hội thoại e2e sau khi đã đổi key ( Passphase) đối với tài khoản đã có passphase - Quên passphase của tài khoản thành công - Reset và đăng nhập với passphase mới -->  check tin nhắn cũ ở hội thoại thường không mã hóa e2e ===
]]></system-out>
  </testcase>
</testsuite>