<?xml version="1.0" encoding="UTF-8"?>
<testng-results ignored="0" total="1" passed="1" failed="0" skipped="0">
  <reporter-output>
  </reporter-output>
  <suite started-at="2026-05-21T10:49:00 GMT+07:00" name="Surefire suite" finished-at="2026-05-21T10:49:04 GMT+07:00" duration-ms="3681">
    <groups>
    </groups>
    <test started-at="2026-05-21T10:49:00 GMT+07:00" name="Surefire test" finished-at="2026-05-21T10:49:04 GMT+07:00" duration-ms="3681">
      <class name="tests.LoginTest">
        <test-method is-config="true" signature="setUp()[pri:0, instance:tests.LoginTest@378542de]" started-at="2026-05-21T10:49:00 GMT+07:00" name="setUp" finished-at="2026-05-21T10:49:04 GMT+07:00" duration-ms="3283" status="PASS">
          <reporter-output>
          </reporter-output>
        </test-method> <!-- setUp -->
        <test-method signature="testLogin()[pri:0, instance:tests.LoginTest@378542de]" started-at="2026-05-21T10:49:04 GMT+07:00" name="testLogin" finished-at="2026-05-21T10:49:04 GMT+07:00" duration-ms="130" status="PASS">
          <reporter-output>
          </reporter-output>
        </test-method> <!-- testLogin -->
        <test-method is-config="true" signature="tearDown()[pri:0, instance:tests.LoginTest@378542de]" started-at="2026-05-21T10:49:04 GMT+07:00" name="tearDown" finished-at="2026-05-21T10:49:04 GMT+07:00" duration-ms="146" status="PASS">
          <reporter-output>
          </reporter-output>
        </test-method> <!-- tearDown -->
      </class> <!-- tests.LoginTest -->
    </test> <!-- Surefire test -->
  </suite> <!-- Surefire suite -->
</testng-results>
